  [1m[36m (1.8ms)[0m  [1mCREATE TABLE "schema_migrations" ("version" varchar NOT NULL) [0m
  [1m[35m (0.8ms)[0m  select sqlite_version(*)
  [1m[36m (0.9ms)[0m  [1mCREATE UNIQUE INDEX "unique_schema_migrations" ON "schema_migrations" ("version")[0m
  [1m[35mActiveRecord::SchemaMigration Load (0.1ms)[0m  SELECT "schema_migrations".* FROM "schema_migrations"
Migrating to CreateCharacters (20160428004145)
  [1m[36m (0.1ms)[0m  [1mbegin transaction[0m
  [1m[35m (0.3ms)[0m  CREATE TABLE "characters" ("id" INTEGER PRIMARY KEY AUTOINCREMENT NOT NULL, "first_name" varchar, "last_name" varchar, "alias" varchar, "created_at" datetime NOT NULL, "updated_at" datetime NOT NULL) 
  [1m[36mSQL (0.2ms)[0m  [1mINSERT INTO "schema_migrations" ("version") VALUES (?)[0m  [["version", "20160428004145"]]
  [1m[35m (0.5ms)[0m  commit transaction
  [1m[36mActiveRecord::SchemaMigration Load (0.1ms)[0m  [1mSELECT "schema_migrations".* FROM "schema_migrations"[0m


Started GET "/" for 127.0.0.1 at 2016-04-27 20:52:07 -0400
  [1m[36mActiveRecord::SchemaMigration Load (0.5ms)[0m  [1mSELECT "schema_migrations".* FROM "schema_migrations"[0m
Processing by Rails::WelcomeController#index as HTML
  Rendered /Users/kareemgrant/.rbenv/versions/2.1.5/lib/ruby/gems/2.1.0/gems/railties-4.2.6/lib/rails/templates/rails/welcome/index.html.erb (2.1ms)
Completed 200 OK in 20ms (Views: 10.6ms | ActiveRecord: 0.0ms)


Started GET "/characters" for 127.0.0.1 at 2016-04-27 20:52:30 -0400
Processing by CharactersController#index as HTML
  Rendered characters/index.html.erb within layouts/application (0.3ms)
Completed 200 OK in 920ms (Views: 919.3ms | ActiveRecord: 0.0ms)


Started GET "/assets/turbolinks.self-c37727e9bd6b2735da5c311aa83fead54ed0be6cc8bd9a65309e9c5abe2cbfff.js?body=1" for 127.0.0.1 at 2016-04-27 20:52:31 -0400


Started GET "/assets/jquery_ujs.self-e87806d0cf4489aeb1bb7288016024e8de67fd18db693fe026fe3907581e53cd.js?body=1" for 127.0.0.1 at 2016-04-27 20:52:31 -0400


Started GET "/assets/application.self-e80e8f2318043e8af94dddc2adad5a4f09739a8ebb323b3ab31cd71d45fd9113.css?body=1" for 127.0.0.1 at 2016-04-27 20:52:31 -0400


Started GET "/assets/jquery.self-660adc51e0224b731d29f575a6f1ec167ba08ad06ed5deca4f1e8654c135bf4c.js?body=1" for 127.0.0.1 at 2016-04-27 20:52:31 -0400


Started GET "/assets/application.self-3b8dabdc891efe46b9a144b400ad69e37d7e5876bdc39dee783419a69d7ca819.js?body=1" for 127.0.0.1 at 2016-04-27 20:52:31 -0400
  [1m[36m (0.1ms)[0m  [1mbegin transaction[0m
  [1m[35mSQL (1.0ms)[0m  INSERT INTO "characters" ("first_name", "last_name", "alias", "created_at", "updated_at") VALUES (?, ?, ?, ?, ?)  [["first_name", "Tony"], ["last_name", "Stark"], ["alias", "Ironman"], ["created_at", "2016-04-28 00:53:17.831179"], ["updated_at", "2016-04-28 00:53:17.831179"]]
  [1m[36m (0.7ms)[0m  [1mcommit transaction[0m
  [1m[35m (0.1ms)[0m  begin transaction
  [1m[36mSQL (0.3ms)[0m  [1mINSERT INTO "characters" ("first_name", "last_name", "alias", "created_at", "updated_at") VALUES (?, ?, ?, ?, ?)[0m  [["first_name", "Steve"], ["last_name", "Rogers"], ["alias", "Captain America"], ["created_at", "2016-04-28 00:53:47.736227"], ["updated_at", "2016-04-28 00:53:47.736227"]]
  [1m[35m (1.1ms)[0m  commit transaction
  [1m[36mCharacter Load (0.1ms)[0m  [1mSELECT "characters".* FROM "characters"[0m
  [1m[35m (0.2ms)[0m  SELECT COUNT(*) FROM "characters"
  [1m[36mCharacter Load (0.1ms)[0m  [1mSELECT "characters".* FROM "characters"[0m


Started GET "/characters" for 127.0.0.1 at 2016-04-27 21:01:40 -0400
Processing by CharactersController#index as HTML
  [1m[35mCharacter Load (0.2ms)[0m  SELECT "characters".* FROM "characters"
  Rendered characters/index.html.erb within layouts/application (43.5ms)
Completed 200 OK in 58ms (Views: 55.6ms | ActiveRecord: 0.5ms)


Started GET "/assets/application.self-e80e8f2318043e8af94dddc2adad5a4f09739a8ebb323b3ab31cd71d45fd9113.css?body=1" for 127.0.0.1 at 2016-04-27 21:01:40 -0400


Started GET "/assets/jquery.self-660adc51e0224b731d29f575a6f1ec167ba08ad06ed5deca4f1e8654c135bf4c.js?body=1" for 127.0.0.1 at 2016-04-27 21:01:40 -0400


Started GET "/assets/turbolinks.self-c37727e9bd6b2735da5c311aa83fead54ed0be6cc8bd9a65309e9c5abe2cbfff.js?body=1" for 127.0.0.1 at 2016-04-27 21:01:40 -0400


Started GET "/assets/application.self-3b8dabdc891efe46b9a144b400ad69e37d7e5876bdc39dee783419a69d7ca819.js?body=1" for 127.0.0.1 at 2016-04-27 21:01:40 -0400


Started GET "/assets/jquery_ujs.self-e87806d0cf4489aeb1bb7288016024e8de67fd18db693fe026fe3907581e53cd.js?body=1" for 127.0.0.1 at 2016-04-27 21:01:40 -0400


Started GET "/characters" for 127.0.0.1 at 2016-04-27 21:02:43 -0400
Processing by CharactersController#index as HTML
  Rendered characters/index.html.erb within layouts/application (3.3ms)
Completed 500 Internal Server Error in 9ms (ActiveRecord: 0.0ms)

ActionView::Template::Error (undefined method `each' for nil:NilClass):
    1: <h1>Characters</h1>
    2: 
    3: 
    4: <% @characters.each do |character| %>
    5:   <p>
    6:     <span><%= character.alias %></span>
    7:     <span><%= character.first_name %></span>
  app/views/characters/index.html.erb:4:in `_app_views_characters_index_html_erb___2395089222740117756_70254011322500'


  Rendered /Users/kareemgrant/.rbenv/versions/2.1.5/lib/ruby/gems/2.1.0/gems/actionpack-4.2.6/lib/action_dispatch/middleware/templates/rescues/_source.erb (6.7ms)
  Rendered /Users/kareemgrant/.rbenv/versions/2.1.5/lib/ruby/gems/2.1.0/gems/actionpack-4.2.6/lib/action_dispatch/middleware/templates/rescues/_trace.html.erb (2.7ms)
  Rendered /Users/kareemgrant/.rbenv/versions/2.1.5/lib/ruby/gems/2.1.0/gems/actionpack-4.2.6/lib/action_dispatch/middleware/templates/rescues/_request_and_response.html.erb (1.1ms)
  Rendered /Users/kareemgrant/.rbenv/versions/2.1.5/lib/ruby/gems/2.1.0/gems/actionpack-4.2.6/lib/action_dispatch/middleware/templates/rescues/template_error.html.erb within rescues/layout (27.1ms)
  Rendered /Users/kareemgrant/.rbenv/versions/2.1.5/lib/ruby/gems/2.1.0/gems/web-console-2.3.0/lib/web_console/templates/_markup.html.erb (0.6ms)
  Rendered /Users/kareemgrant/.rbenv/versions/2.1.5/lib/ruby/gems/2.1.0/gems/web-console-2.3.0/lib/web_console/templates/_inner_console_markup.html.erb within layouts/inlined_string (0.4ms)
  Rendered /Users/kareemgrant/.rbenv/versions/2.1.5/lib/ruby/gems/2.1.0/gems/web-console-2.3.0/lib/web_console/templates/_prompt_box_markup.html.erb within layouts/inlined_string (0.3ms)
  Rendered /Users/kareemgrant/.rbenv/versions/2.1.5/lib/ruby/gems/2.1.0/gems/web-console-2.3.0/lib/web_console/templates/style.css.erb within layouts/inlined_string (0.4ms)
  Rendered /Users/kareemgrant/.rbenv/versions/2.1.5/lib/ruby/gems/2.1.0/gems/web-console-2.3.0/lib/web_console/templates/console.js.erb within layouts/javascript (26.0ms)
  Rendered /Users/kareemgrant/.rbenv/versions/2.1.5/lib/ruby/gems/2.1.0/gems/web-console-2.3.0/lib/web_console/templates/main.js.erb within layouts/javascript (0.4ms)
  Rendered /Users/kareemgrant/.rbenv/versions/2.1.5/lib/ruby/gems/2.1.0/gems/web-console-2.3.0/lib/web_console/templates/error_page.js.erb within layouts/javascript (0.5ms)
  Rendered /Users/kareemgrant/.rbenv/versions/2.1.5/lib/ruby/gems/2.1.0/gems/web-console-2.3.0/lib/web_console/templates/index.html.erb (55.0ms)


Started GET "/characters" for 127.0.0.1 at 2016-04-27 21:04:52 -0400
Processing by CharactersController#index as HTML
  [1m[36mCharacter Load (0.4ms)[0m  [1mSELECT "characters".* FROM "characters"[0m
  Rendered characters/index.html.erb within layouts/application (5.4ms)
Completed 200 OK in 15ms (Views: 13.9ms | ActiveRecord: 1.0ms)


Started GET "/assets/application.self-e80e8f2318043e8af94dddc2adad5a4f09739a8ebb323b3ab31cd71d45fd9113.css?body=1" for 127.0.0.1 at 2016-04-27 21:04:52 -0400


Started GET "/assets/jquery.self-660adc51e0224b731d29f575a6f1ec167ba08ad06ed5deca4f1e8654c135bf4c.js?body=1" for 127.0.0.1 at 2016-04-27 21:04:52 -0400


Started GET "/assets/turbolinks.self-c37727e9bd6b2735da5c311aa83fead54ed0be6cc8bd9a65309e9c5abe2cbfff.js?body=1" for 127.0.0.1 at 2016-04-27 21:04:52 -0400


Started GET "/assets/jquery_ujs.self-e87806d0cf4489aeb1bb7288016024e8de67fd18db693fe026fe3907581e53cd.js?body=1" for 127.0.0.1 at 2016-04-27 21:04:52 -0400


Started GET "/assets/application.self-3b8dabdc891efe46b9a144b400ad69e37d7e5876bdc39dee783419a69d7ca819.js?body=1" for 127.0.0.1 at 2016-04-27 21:04:52 -0400


Started GET "/characters" for 127.0.0.1 at 2016-04-27 21:05:28 -0400
Processing by CharactersController#index as HTML
  Rendered characters/index.html.erb within layouts/application (54.9ms)
Completed 500 Internal Server Error in 60ms (ActiveRecord: 0.0ms)

ActionView::Template::Error (undefined local variable or method `characters' for #<#<Class:0x007fca92dc55a0>:0x007fca92dcd980>):
    1: <h1>Characters</h1>
    2: 
    3: 
    4: <% characters.each do |character| %>
    5:   <p>
    6:     <span><%= character.alias %></span>
    7:     <span><%= character.first_name %></span>
  app/views/characters/index.html.erb:4:in `_app_views_characters_index_html_erb___2395089222740117756_70254012031820'


  Rendered /Users/kareemgrant/.rbenv/versions/2.1.5/lib/ruby/gems/2.1.0/gems/actionpack-4.2.6/lib/action_dispatch/middleware/templates/rescues/_source.erb (4.3ms)
  Rendered /Users/kareemgrant/.rbenv/versions/2.1.5/lib/ruby/gems/2.1.0/gems/actionpack-4.2.6/lib/action_dispatch/middleware/templates/rescues/_trace.html.erb (2.1ms)
  Rendered /Users/kareemgrant/.rbenv/versions/2.1.5/lib/ruby/gems/2.1.0/gems/actionpack-4.2.6/lib/action_dispatch/middleware/templates/rescues/_request_and_response.html.erb (0.8ms)
  Rendered /Users/kareemgrant/.rbenv/versions/2.1.5/lib/ruby/gems/2.1.0/gems/actionpack-4.2.6/lib/action_dispatch/middleware/templates/rescues/template_error.html.erb within rescues/layout (19.8ms)
  Rendered /Users/kareemgrant/.rbenv/versions/2.1.5/lib/ruby/gems/2.1.0/gems/web-console-2.3.0/lib/web_console/templates/_markup.html.erb (0.5ms)
  Rendered /Users/kareemgrant/.rbenv/versions/2.1.5/lib/ruby/gems/2.1.0/gems/web-console-2.3.0/lib/web_console/templates/_inner_console_markup.html.erb within layouts/inlined_string (0.3ms)
  Rendered /Users/kareemgrant/.rbenv/versions/2.1.5/lib/ruby/gems/2.1.0/gems/web-console-2.3.0/lib/web_console/templates/_prompt_box_markup.html.erb within layouts/inlined_string (0.3ms)
  Rendered /Users/kareemgrant/.rbenv/versions/2.1.5/lib/ruby/gems/2.1.0/gems/web-console-2.3.0/lib/web_console/templates/style.css.erb within layouts/inlined_string (0.3ms)
  Rendered /Users/kareemgrant/.rbenv/versions/2.1.5/lib/ruby/gems/2.1.0/gems/web-console-2.3.0/lib/web_console/templates/console.js.erb within layouts/javascript (15.6ms)
  Rendered /Users/kareemgrant/.rbenv/versions/2.1.5/lib/ruby/gems/2.1.0/gems/web-console-2.3.0/lib/web_console/templates/main.js.erb within layouts/javascript (0.3ms)
  Rendered /Users/kareemgrant/.rbenv/versions/2.1.5/lib/ruby/gems/2.1.0/gems/web-console-2.3.0/lib/web_console/templates/error_page.js.erb within layouts/javascript (0.4ms)
  Rendered /Users/kareemgrant/.rbenv/versions/2.1.5/lib/ruby/gems/2.1.0/gems/web-console-2.3.0/lib/web_console/templates/index.html.erb (33.6ms)


Started GET "/characters" for 127.0.0.1 at 2016-04-27 21:05:56 -0400
Processing by CharactersController#index as HTML
  [1m[35mCharacter Load (0.2ms)[0m  SELECT "characters".* FROM "characters"
  Rendered characters/index.html.erb within layouts/application (4.2ms)
Completed 200 OK in 18ms (Views: 16.0ms | ActiveRecord: 0.5ms)


Started GET "/assets/jquery.self-660adc51e0224b731d29f575a6f1ec167ba08ad06ed5deca4f1e8654c135bf4c.js?body=1" for 127.0.0.1 at 2016-04-27 21:05:56 -0400


Started GET "/assets/application.self-e80e8f2318043e8af94dddc2adad5a4f09739a8ebb323b3ab31cd71d45fd9113.css?body=1" for 127.0.0.1 at 2016-04-27 21:05:56 -0400


Started GET "/assets/jquery_ujs.self-e87806d0cf4489aeb1bb7288016024e8de67fd18db693fe026fe3907581e53cd.js?body=1" for 127.0.0.1 at 2016-04-27 21:05:56 -0400


Started GET "/assets/application.self-3b8dabdc891efe46b9a144b400ad69e37d7e5876bdc39dee783419a69d7ca819.js?body=1" for 127.0.0.1 at 2016-04-27 21:05:56 -0400


Started GET "/assets/turbolinks.self-c37727e9bd6b2735da5c311aa83fead54ed0be6cc8bd9a65309e9c5abe2cbfff.js?body=1" for 127.0.0.1 at 2016-04-27 21:05:56 -0400
